2025-08-22 16:21:27,954:INFO:PyCaret Supervised Module
2025-08-22 16:21:27,955:INFO:ML Usecase: regression
2025-08-22 16:21:27,955:INFO:version 2.3.10
2025-08-22 16:21:27,955:INFO:Initializing setup()
2025-08-22 16:21:27,955:INFO:setup(target=value, ml_usecase=regression, available_plots={'parameter': 'Hyperparameters', 'residuals': 'Residuals', 'error': 'Prediction Error', 'cooks': 'Cooks Distance', 'rfe': 'Feature Selection', 'learning': 'Learning Curve', 'manifold': 'Manifold Learning', 'vc': 'Validation Curve', 'feature': 'Feature Importance', 'feature_all': 'Feature Importance (All)', 'tree': 'Decision Tree', 'residuals_interactive': 'Interactive Residuals'}, train_size=0.8, test_data=None, preprocess=True, imputation_type=simple, iterative_imputation_iters=5, categorical_features=None, categorical_imputation=constant, categorical_iterative_imputer=lightgbm, ordinal_features=None, high_cardinality_features=None, high_cardinality_method=frequency, numeric_features=['index.num', 'year', 'quarter', 'month', 'mday', 'week', 'wday'], numeric_imputation=mean, numeric_iterative_imputer=lightgbm, date_features=None, ignore_features=None, normalize=False, normalize_method=zscore, transformation=False, transformation_method=yeo-johnson, handle_unknown_categorical=True, unknown_categorical_method=least_frequent, pca=False, pca_method=linear, pca_components=None, ignore_low_variance=False, combine_rare_levels=False, rare_level_threshold=0.1, bin_numeric_features=None, remove_outliers=False, outliers_threshold=0.05, remove_multicollinearity=False, multicollinearity_threshold=0.9, remove_perfect_collinearity=True, create_clusters=False, cluster_iter=20, polynomial_features=False, polynomial_degree=2, trigonometry_features=False, polynomial_threshold=0.1, group_features=None, group_names=None, feature_selection=False, feature_selection_threshold=0.8, feature_selection_method=classic, feature_interaction=False, feature_ratio=False, interaction_threshold=0.01, fix_imbalance=False, fix_imbalance_method=None, transform_target=False, transform_target_method=box-cox, data_split_shuffle=True, data_split_stratify=False, fold_strategy=kfold, fold=10, fold_shuffle=False, fold_groups=None, n_jobs=-1, use_gpu=False, custom_pipeline=None, html=True, session_id=123, log_experiment=False, experiment_name=None, experiment_custom_tags=None, log_plots=False, log_profile=False, log_data=False, silent=True, verbose=True, profile=False, profile_kwargs=None, display=None)
2025-08-22 16:21:27,988:INFO:Checking environment
2025-08-22 16:21:27,989:INFO:python_version: 3.8.10
2025-08-22 16:21:27,989:INFO:python_build: ('tags/v3.8.10:3d8993a', 'May  3 2021 11:48:03')
2025-08-22 16:21:27,989:INFO:machine: AMD64
2025-08-22 16:21:28,003:INFO:platform: Windows-10-10.0.26100-SP0
2025-08-22 16:21:28,004:WARNING:cannot find psutil installation. memory not traceable. Install psutil using pip to enable memory logging.
2025-08-22 16:21:28,004:INFO:Checking libraries
2025-08-22 16:21:28,004:INFO:pd==1.1.5
2025-08-22 16:21:28,004:INFO:numpy==1.19.5
2025-08-22 16:21:28,004:INFO:sklearn==0.23.2
2025-08-22 16:21:28,005:INFO:lightgbm==3.3.5
2025-08-22 16:21:28,139:INFO:catboost==1.1.1
2025-08-22 16:21:28,139:INFO:xgboost==1.6.2
2025-08-22 16:21:28,139:INFO:mlflow==2.17.2
2025-08-22 16:21:28,139:INFO:Checking Exceptions
2025-08-22 16:21:28,139:INFO:Declaring global variables
2025-08-22 16:21:28,141:INFO:USI: 29e7
2025-08-22 16:21:28,141:INFO:pycaret_globals: {'pycaret_globals', 'dashboard_logger', 'y_train', 'y', 'imputation_classifier', 'fix_imbalance_param', 'iterative_imputation_iters_param', 'fold_groups_param_full', 'transform_target_method_param', 'log_plots_param', 'experiment__', 'prep_pipe', '_gpu_n_jobs_param', 'html_param', 'X_test', '_all_models_internal', 'target_param', '_internal_pipeline', 'transform_target_param', 'n_jobs_param', 'create_model_container', '_all_models', 'fold_generator', 'data_before_preprocess', 'display_container', '_all_metrics', 'X_train', '_ml_usecase', 'logging_param', 'fix_imbalance_method_param', 'seed', 'imputation_regressor', '_available_plots', 'fold_shuffle_param', 'exp_name_log', 'y_test', 'fold_param', 'gpu_param', 'USI', 'stratify_param', 'master_model_container', 'X', 'fold_groups_param'}
2025-08-22 16:21:28,141:INFO:Preparing display monitor
2025-08-22 16:21:28,141:INFO:Preparing display monitor
2025-08-22 16:21:28,167:INFO:Importing libraries
2025-08-22 16:21:28,167:INFO:Copying data for preprocessing
2025-08-22 16:21:28,170:INFO:Declaring preprocessing parameters
2025-08-22 16:21:28,171:INFO:Creating preprocessing pipeline
2025-08-22 16:21:28,174:INFO:Preprocessing pipeline created successfully
2025-08-22 16:21:28,174:ERROR:(Process Exit): setup has been interupted with user command 'quit'. setup must rerun.
2025-08-22 16:21:28,174:INFO:Creating global containers
2025-08-22 16:21:28,175:INFO:Internal pipeline: Pipeline(memory=None, steps=[('empty_step', 'passthrough')], verbose=False)
2025-08-22 16:21:28,538:INFO:Creating grid variables
2025-08-22 16:21:28,541:INFO:create_model_container: 0
2025-08-22 16:21:28,541:INFO:master_model_container: 0
2025-08-22 16:21:28,541:INFO:display_container: 1
2025-08-22 16:21:28,545:INFO:Pipeline(memory=None,
         steps=[('dtypes',
                 DataTypes_Auto_infer(categorical_features=[],
                                      display_types=False, features_todrop=[],
                                      id_columns=[], ml_usecase='regression',
                                      numerical_features=['index.num', 'year',
                                                          'quarter', 'month',
                                                          'mday', 'week',
                                                          'wday'],
                                      target='value', time_features=[])),
                ('imputer',
                 Simple_Imputer(categorical_strategy='not_available',
                                fill_value_cat...
                ('scaling', 'passthrough'), ('P_transform', 'passthrough'),
                ('binn', 'passthrough'), ('rem_outliers', 'passthrough'),
                ('cluster_all', 'passthrough'),
                ('dummy', Dummify(target='value')),
                ('fix_perfect', Remove_100(target='value')),
                ('clean_names', Clean_Colum_Names()),
                ('feature_select', 'passthrough'), ('fix_multi', 'passthrough'),
                ('dfs', 'passthrough'), ('pca', 'passthrough')],
         verbose=False)
2025-08-22 16:21:28,546:INFO:setup() succesfully completed......................................
2025-08-22 16:21:28,688:INFO:Initializing create_model()
2025-08-22 16:21:28,688:INFO:create_model(estimator=xgboost, fold=None, round=4, cross_validation=False, predict=True, fit_kwargs=None, groups=None, refit=True, verbose=True, system=True, metrics=None, experiment_custom_tags=None, add_to_model_list=True, probability_threshold=None, display=None, return_train_score=False, kwargs={})
2025-08-22 16:21:28,688:INFO:Checking exceptions
2025-08-22 16:21:28,688:INFO:Preparing display monitor
2025-08-22 16:21:28,697:INFO:Importing libraries
2025-08-22 16:21:28,697:INFO:Copying training dataset
2025-08-22 16:21:28,698:INFO:Defining folds
2025-08-22 16:21:28,698:INFO:Declaring metric variables
2025-08-22 16:21:28,706:INFO:Importing untrained model
2025-08-22 16:21:28,714:INFO:Extreme Gradient Boosting Imported succesfully
2025-08-22 16:21:28,724:INFO:Cross validation set to False
2025-08-22 16:21:28,724:INFO:Fitting Model
2025-08-22 16:21:29,444:INFO:Initializing predict_model()
2025-08-22 16:21:29,444:INFO:predict_model(estimator=Pipeline(memory=None,
         steps=[('empty_step', 'passthrough'),
                ('actual_estimator',
                 XGBRegressor(base_score=0.5, booster='gbtree', callbacks=None,
                              colsample_bylevel=1, colsample_bynode=1,
                              colsample_bytree=1, early_stopping_rounds=None,
                              enable_categorical=False, eval_metric=None,
                              gamma=0, gpu_id=-1, grow_policy='depthwise',
                              importance_type=None, interaction_constraints='',
                              learning_rate=0.300000012, max_bin=256,
                              max_cat_to_onehot=4, max_delta_step=0,
                              max_depth=6, max_leaves=0, min_child_weight=1,
                              missing=nan, monotone_constraints='()',
                              n_estimators=100, n_jobs=-1, num_parallel_tree=1,
                              objective='reg:squarederror', predictor='auto',
                              random_state=123, reg_alpha=0, ...))],
         verbose=False), probability_threshold=None, encoded_labels=False, drift_report=False, raw_score=False, round=4, verbose=False, ml_usecase=None, display=None, drift_kwargs=None)
2025-08-22 16:21:29,444:INFO:Checking exceptions
2025-08-22 16:21:29,444:INFO:Preloading libraries
2025-08-22 16:21:29,611:INFO:display_container: 2
2025-08-22 16:21:29,614:INFO:XGBRegressor(base_score=0.5, booster='gbtree', callbacks=None,
             colsample_bylevel=1, colsample_bynode=1, colsample_bytree=1,
             early_stopping_rounds=None, enable_categorical=False,
             eval_metric=None, gamma=0, gpu_id=-1, grow_policy='depthwise',
             importance_type=None, interaction_constraints='',
             learning_rate=0.300000012, max_bin=256, max_cat_to_onehot=4,
             max_delta_step=0, max_depth=6, max_leaves=0, min_child_weight=1,
             missing=nan, monotone_constraints='()', n_estimators=100,
             n_jobs=-1, num_parallel_tree=1, objective='reg:squarederror',
             predictor='auto', random_state=123, reg_alpha=0, ...)
2025-08-22 16:21:29,615:INFO:create_models() succesfully completed......................................
2025-08-22 16:21:29,746:INFO:Initializing finalize_model()
2025-08-22 16:21:29,746:INFO:finalize_model(estimator=XGBRegressor(base_score=0.5, booster='gbtree', callbacks=None,
             colsample_bylevel=1, colsample_bynode=1, colsample_bytree=1,
             early_stopping_rounds=None, enable_categorical=False,
             eval_metric=None, gamma=0, gpu_id=-1, grow_policy='depthwise',
             importance_type=None, interaction_constraints='',
             learning_rate=0.300000012, max_bin=256, max_cat_to_onehot=4,
             max_delta_step=0, max_depth=6, max_leaves=0, min_child_weight=1,
             missing=nan, monotone_constraints='()', n_estimators=100,
             n_jobs=-1, num_parallel_tree=1, objective='reg:squarederror',
             predictor='auto', random_state=123, reg_alpha=0, ...), fit_kwargs=None, groups=None, model_only=True, display=None, experiment_custom_tags=None, return_train_score=False)
2025-08-22 16:21:29,749:INFO:Finalizing XGBRegressor(base_score=0.5, booster='gbtree', callbacks=None,
             colsample_bylevel=1, colsample_bynode=1, colsample_bytree=1,
             early_stopping_rounds=None, enable_categorical=False,
             eval_metric=None, gamma=0, gpu_id=-1, grow_policy='depthwise',
             importance_type=None, interaction_constraints='',
             learning_rate=0.300000012, max_bin=256, max_cat_to_onehot=4,
             max_delta_step=0, max_depth=6, max_leaves=0, min_child_weight=1,
             missing=nan, monotone_constraints='()', n_estimators=100,
             n_jobs=-1, num_parallel_tree=1, objective='reg:squarederror',
             predictor='auto', random_state=123, reg_alpha=0, ...)
2025-08-22 16:21:29,752:INFO:Initializing create_model()
2025-08-22 16:21:29,752:INFO:create_model(estimator=XGBRegressor(base_score=0.5, booster='gbtree', callbacks=None,
             colsample_bylevel=1, colsample_bynode=1, colsample_bytree=1,
             early_stopping_rounds=None, enable_categorical=False,
             eval_metric=None, gamma=0, gpu_id=-1, grow_policy='depthwise',
             importance_type=None, interaction_constraints='',
             learning_rate=0.300000012, max_bin=256, max_cat_to_onehot=4,
             max_delta_step=0, max_depth=6, max_leaves=0, min_child_weight=1,
             missing=nan, monotone_constraints='()', n_estimators=100,
             n_jobs=-1, num_parallel_tree=1, objective='reg:squarederror',
             predictor='auto', random_state=123, reg_alpha=0, ...), fold=None, round=4, cross_validation=True, predict=True, fit_kwargs={}, groups=None, refit=True, verbose=False, system=False, metrics=None, experiment_custom_tags=None, add_to_model_list=False, probability_threshold=None, display=None, return_train_score=False, kwargs={})
2025-08-22 16:21:29,752:INFO:Checking exceptions
2025-08-22 16:21:29,752:INFO:Importing libraries
2025-08-22 16:21:29,752:INFO:Copying training dataset
2025-08-22 16:21:29,753:INFO:Defining folds
2025-08-22 16:21:29,753:INFO:Declaring metric variables
2025-08-22 16:21:29,753:INFO:Importing untrained model
2025-08-22 16:21:29,753:INFO:Declaring custom model
2025-08-22 16:21:29,756:INFO:Extreme Gradient Boosting Imported succesfully
2025-08-22 16:21:29,756:INFO:Starting cross validation
2025-08-22 16:21:29,763:INFO:Cross validating with KFold(n_splits=10, random_state=None, shuffle=False), n_jobs=-1
2025-08-22 16:21:34,633:INFO:Calculating mean and std
2025-08-22 16:21:34,633:INFO:Creating metrics dataframe
2025-08-22 16:21:34,639:INFO:Finalizing model
2025-08-22 16:21:34,859:INFO:create_model_container: 0
2025-08-22 16:21:34,859:INFO:master_model_container: 0
2025-08-22 16:21:34,861:INFO:display_container: 3
2025-08-22 16:21:34,863:INFO:XGBRegressor(base_score=0.5, booster='gbtree', callbacks=None,
             colsample_bylevel=1, colsample_bynode=1, colsample_bytree=1,
             early_stopping_rounds=None, enable_categorical=False,
             eval_metric=None, gamma=0, gpu_id=-1, grow_policy='depthwise',
             importance_type=None, interaction_constraints='',
             learning_rate=0.300000012, max_bin=256, max_cat_to_onehot=4,
             max_delta_step=0, max_depth=6, max_leaves=0, min_child_weight=1,
             missing=nan, monotone_constraints='()', n_estimators=100,
             n_jobs=-1, num_parallel_tree=1, objective='reg:squarederror',
             predictor='auto', random_state=123, reg_alpha=0, ...)
2025-08-22 16:21:34,863:INFO:create_model() succesfully completed......................................
2025-08-22 16:21:34,970:INFO:create_model_container: 0
2025-08-22 16:21:34,970:INFO:master_model_container: 0
2025-08-22 16:21:34,970:INFO:display_container: 2
2025-08-22 16:21:34,970:INFO:XGBRegressor(base_score=0.5, booster='gbtree', callbacks=None,
             colsample_bylevel=1, colsample_bynode=1, colsample_bytree=1,
             early_stopping_rounds=None, enable_categorical=False,
             eval_metric=None, gamma=0, gpu_id=-1, grow_policy='depthwise',
             importance_type=None, interaction_constraints='',
             learning_rate=0.300000012, max_bin=256, max_cat_to_onehot=4,
             max_delta_step=0, max_depth=6, max_leaves=0, min_child_weight=1,
             missing=nan, monotone_constraints='()', n_estimators=100,
             n_jobs=-1, num_parallel_tree=1, objective='reg:squarederror',
             predictor='auto', random_state=123, reg_alpha=0, ...)
2025-08-22 16:21:34,970:INFO:finalize_model() succesfully completed......................................
2025-08-22 16:21:35,094:INFO:Initializing predict_model()
2025-08-22 16:21:35,094:INFO:predict_model(estimator=XGBRegressor(base_score=0.5, booster='gbtree', callbacks=None,
             colsample_bylevel=1, colsample_bynode=1, colsample_bytree=1,
             early_stopping_rounds=None, enable_categorical=False,
             eval_metric=None, gamma=0, gpu_id=-1, grow_policy='depthwise',
             importance_type=None, interaction_constraints='',
             learning_rate=0.300000012, max_bin=256, max_cat_to_onehot=4,
             max_delta_step=0, max_depth=6, max_leaves=0, min_child_weight=1,
             missing=nan, monotone_constraints='()', n_estimators=100,
             n_jobs=-1, num_parallel_tree=1, objective='reg:squarederror',
             predictor='auto', random_state=123, reg_alpha=0, ...), probability_threshold=None, encoded_labels=True, drift_report=False, raw_score=False, round=4, verbose=True, ml_usecase=MLUsecase.REGRESSION, display=None, drift_kwargs=None)
2025-08-22 16:21:35,094:INFO:Checking exceptions
2025-08-22 16:21:35,094:INFO:Preloading libraries
2025-08-22 16:21:35,094:INFO:Preparing display monitor
2025-08-22 16:21:39,446:INFO:PyCaret Supervised Module
2025-08-22 16:21:39,446:INFO:ML Usecase: regression
2025-08-22 16:21:39,446:INFO:version 2.3.10
2025-08-22 16:21:39,446:INFO:Initializing setup()
2025-08-22 16:21:39,446:INFO:setup(target=value, ml_usecase=regression, available_plots={'parameter': 'Hyperparameters', 'residuals': 'Residuals', 'error': 'Prediction Error', 'cooks': 'Cooks Distance', 'rfe': 'Feature Selection', 'learning': 'Learning Curve', 'manifold': 'Manifold Learning', 'vc': 'Validation Curve', 'feature': 'Feature Importance', 'feature_all': 'Feature Importance (All)', 'tree': 'Decision Tree', 'residuals_interactive': 'Interactive Residuals'}, train_size=0.8, test_data=None, preprocess=True, imputation_type=simple, iterative_imputation_iters=5, categorical_features=None, categorical_imputation=constant, categorical_iterative_imputer=lightgbm, ordinal_features=None, high_cardinality_features=None, high_cardinality_method=frequency, numeric_features=['index.num', 'year', 'quarter', 'month', 'mday', 'week', 'wday'], numeric_imputation=mean, numeric_iterative_imputer=lightgbm, date_features=None, ignore_features=None, normalize=False, normalize_method=zscore, transformation=False, transformation_method=yeo-johnson, handle_unknown_categorical=True, unknown_categorical_method=least_frequent, pca=False, pca_method=linear, pca_components=None, ignore_low_variance=False, combine_rare_levels=False, rare_level_threshold=0.1, bin_numeric_features=None, remove_outliers=False, outliers_threshold=0.05, remove_multicollinearity=False, multicollinearity_threshold=0.9, remove_perfect_collinearity=True, create_clusters=False, cluster_iter=20, polynomial_features=False, polynomial_degree=2, trigonometry_features=False, polynomial_threshold=0.1, group_features=None, group_names=None, feature_selection=False, feature_selection_threshold=0.8, feature_selection_method=classic, feature_interaction=False, feature_ratio=False, interaction_threshold=0.01, fix_imbalance=False, fix_imbalance_method=None, transform_target=False, transform_target_method=box-cox, data_split_shuffle=True, data_split_stratify=False, fold_strategy=kfold, fold=10, fold_shuffle=False, fold_groups=None, n_jobs=-1, use_gpu=False, custom_pipeline=None, html=True, session_id=123, log_experiment=False, experiment_name=None, experiment_custom_tags=None, log_plots=False, log_profile=False, log_data=False, silent=True, verbose=True, profile=False, profile_kwargs=None, display=None)
2025-08-22 16:21:39,446:INFO:Checking environment
2025-08-22 16:21:39,446:INFO:python_version: 3.8.10
2025-08-22 16:21:39,446:INFO:python_build: ('tags/v3.8.10:3d8993a', 'May  3 2021 11:48:03')
2025-08-22 16:21:39,446:INFO:machine: AMD64
2025-08-22 16:21:39,446:INFO:platform: Windows-10-10.0.26100-SP0
2025-08-22 16:21:39,446:WARNING:cannot find psutil installation. memory not traceable. Install psutil using pip to enable memory logging.
2025-08-22 16:21:39,446:INFO:Checking libraries
2025-08-22 16:21:39,446:INFO:pd==1.1.5
2025-08-22 16:21:39,446:INFO:numpy==1.19.5
2025-08-22 16:21:39,446:INFO:sklearn==0.23.2
2025-08-22 16:21:39,446:INFO:lightgbm==3.3.5
2025-08-22 16:21:39,446:INFO:catboost==1.1.1
2025-08-22 16:21:39,446:INFO:xgboost==1.6.2
2025-08-22 16:21:39,446:INFO:mlflow==2.17.2
2025-08-22 16:21:39,446:INFO:Checking Exceptions
2025-08-22 16:21:39,446:INFO:Declaring global variables
2025-08-22 16:21:39,446:INFO:USI: 4474
2025-08-22 16:21:39,446:INFO:pycaret_globals: {'pycaret_globals', 'dashboard_logger', 'y_train', 'y', 'imputation_classifier', 'fix_imbalance_param', 'iterative_imputation_iters_param', 'fold_groups_param_full', 'transform_target_method_param', 'log_plots_param', 'experiment__', 'prep_pipe', '_gpu_n_jobs_param', 'html_param', 'X_test', '_all_models_internal', 'target_param', '_internal_pipeline', 'transform_target_param', 'n_jobs_param', 'create_model_container', '_all_models', 'fold_generator', 'data_before_preprocess', 'display_container', '_all_metrics', 'X_train', '_ml_usecase', 'logging_param', 'fix_imbalance_method_param', 'seed', 'imputation_regressor', '_available_plots', 'fold_shuffle_param', 'exp_name_log', 'y_test', 'fold_param', 'gpu_param', 'USI', 'stratify_param', 'master_model_container', 'X', 'fold_groups_param'}
2025-08-22 16:21:39,446:INFO:Preparing display monitor
2025-08-22 16:21:39,446:INFO:Preparing display monitor
2025-08-22 16:21:39,456:INFO:Importing libraries
2025-08-22 16:21:39,458:INFO:Copying data for preprocessing
2025-08-22 16:21:39,461:INFO:Declaring preprocessing parameters
2025-08-22 16:21:39,461:INFO:Creating preprocessing pipeline
2025-08-22 16:21:39,461:INFO:Preprocessing pipeline created successfully
2025-08-22 16:21:39,461:ERROR:(Process Exit): setup has been interupted with user command 'quit'. setup must rerun.
2025-08-22 16:21:39,461:INFO:Creating global containers
2025-08-22 16:21:39,461:INFO:Internal pipeline: Pipeline(memory=None, steps=[('empty_step', 'passthrough')], verbose=False)
2025-08-22 16:21:39,867:INFO:Creating grid variables
2025-08-22 16:21:39,870:INFO:create_model_container: 0
2025-08-22 16:21:39,870:INFO:master_model_container: 0
2025-08-22 16:21:39,870:INFO:display_container: 1
2025-08-22 16:21:39,877:INFO:Pipeline(memory=None,
         steps=[('dtypes',
                 DataTypes_Auto_infer(categorical_features=[],
                                      display_types=False, features_todrop=[],
                                      id_columns=[], ml_usecase='regression',
                                      numerical_features=['index.num', 'year',
                                                          'quarter', 'month',
                                                          'mday', 'week',
                                                          'wday'],
                                      target='value', time_features=[])),
                ('imputer',
                 Simple_Imputer(categorical_strategy='not_available',
                                fill_value_cat...
                ('scaling', 'passthrough'), ('P_transform', 'passthrough'),
                ('binn', 'passthrough'), ('rem_outliers', 'passthrough'),
                ('cluster_all', 'passthrough'),
                ('dummy', Dummify(target='value')),
                ('fix_perfect', Remove_100(target='value')),
                ('clean_names', Clean_Colum_Names()),
                ('feature_select', 'passthrough'), ('fix_multi', 'passthrough'),
                ('dfs', 'passthrough'), ('pca', 'passthrough')],
         verbose=False)
2025-08-22 16:21:39,877:INFO:setup() succesfully completed......................................
2025-08-22 16:21:40,025:INFO:Initializing create_model()
2025-08-22 16:21:40,025:INFO:create_model(estimator=xgboost, fold=None, round=4, cross_validation=False, predict=True, fit_kwargs=None, groups=None, refit=True, verbose=True, system=True, metrics=None, experiment_custom_tags=None, add_to_model_list=True, probability_threshold=None, display=None, return_train_score=False, kwargs={})
2025-08-22 16:21:40,025:INFO:Checking exceptions
2025-08-22 16:21:40,025:INFO:Preparing display monitor
2025-08-22 16:21:40,025:INFO:Importing libraries
2025-08-22 16:21:40,025:INFO:Copying training dataset
2025-08-22 16:21:40,025:INFO:Defining folds
2025-08-22 16:21:40,025:INFO:Declaring metric variables
2025-08-22 16:21:40,039:INFO:Importing untrained model
2025-08-22 16:21:40,054:INFO:Extreme Gradient Boosting Imported succesfully
2025-08-22 16:21:40,068:INFO:Cross validation set to False
2025-08-22 16:21:40,068:INFO:Fitting Model
2025-08-22 16:21:40,307:INFO:Initializing predict_model()
2025-08-22 16:21:40,307:INFO:predict_model(estimator=Pipeline(memory=None,
         steps=[('empty_step', 'passthrough'),
                ('actual_estimator',
                 XGBRegressor(base_score=0.5, booster='gbtree', callbacks=None,
                              colsample_bylevel=1, colsample_bynode=1,
                              colsample_bytree=1, early_stopping_rounds=None,
                              enable_categorical=False, eval_metric=None,
                              gamma=0, gpu_id=-1, grow_policy='depthwise',
                              importance_type=None, interaction_constraints='',
                              learning_rate=0.300000012, max_bin=256,
                              max_cat_to_onehot=4, max_delta_step=0,
                              max_depth=6, max_leaves=0, min_child_weight=1,
                              missing=nan, monotone_constraints='()',
                              n_estimators=100, n_jobs=-1, num_parallel_tree=1,
                              objective='reg:squarederror', predictor='auto',
                              random_state=123, reg_alpha=0, ...))],
         verbose=False), probability_threshold=None, encoded_labels=False, drift_report=False, raw_score=False, round=4, verbose=False, ml_usecase=None, display=None, drift_kwargs=None)
2025-08-22 16:21:40,307:INFO:Checking exceptions
2025-08-22 16:21:40,307:INFO:Preloading libraries
2025-08-22 16:21:40,470:INFO:display_container: 2
2025-08-22 16:21:40,476:INFO:XGBRegressor(base_score=0.5, booster='gbtree', callbacks=None,
             colsample_bylevel=1, colsample_bynode=1, colsample_bytree=1,
             early_stopping_rounds=None, enable_categorical=False,
             eval_metric=None, gamma=0, gpu_id=-1, grow_policy='depthwise',
             importance_type=None, interaction_constraints='',
             learning_rate=0.300000012, max_bin=256, max_cat_to_onehot=4,
             max_delta_step=0, max_depth=6, max_leaves=0, min_child_weight=1,
             missing=nan, monotone_constraints='()', n_estimators=100,
             n_jobs=-1, num_parallel_tree=1, objective='reg:squarederror',
             predictor='auto', random_state=123, reg_alpha=0, ...)
2025-08-22 16:21:40,476:INFO:create_models() succesfully completed......................................
2025-08-22 16:21:40,609:INFO:Initializing finalize_model()
2025-08-22 16:21:40,609:INFO:finalize_model(estimator=XGBRegressor(base_score=0.5, booster='gbtree', callbacks=None,
             colsample_bylevel=1, colsample_bynode=1, colsample_bytree=1,
             early_stopping_rounds=None, enable_categorical=False,
             eval_metric=None, gamma=0, gpu_id=-1, grow_policy='depthwise',
             importance_type=None, interaction_constraints='',
             learning_rate=0.300000012, max_bin=256, max_cat_to_onehot=4,
             max_delta_step=0, max_depth=6, max_leaves=0, min_child_weight=1,
             missing=nan, monotone_constraints='()', n_estimators=100,
             n_jobs=-1, num_parallel_tree=1, objective='reg:squarederror',
             predictor='auto', random_state=123, reg_alpha=0, ...), fit_kwargs=None, groups=None, model_only=True, display=None, experiment_custom_tags=None, return_train_score=False)
2025-08-22 16:21:40,611:INFO:Finalizing XGBRegressor(base_score=0.5, booster='gbtree', callbacks=None,
             colsample_bylevel=1, colsample_bynode=1, colsample_bytree=1,
             early_stopping_rounds=None, enable_categorical=False,
             eval_metric=None, gamma=0, gpu_id=-1, grow_policy='depthwise',
             importance_type=None, interaction_constraints='',
             learning_rate=0.300000012, max_bin=256, max_cat_to_onehot=4,
             max_delta_step=0, max_depth=6, max_leaves=0, min_child_weight=1,
             missing=nan, monotone_constraints='()', n_estimators=100,
             n_jobs=-1, num_parallel_tree=1, objective='reg:squarederror',
             predictor='auto', random_state=123, reg_alpha=0, ...)
2025-08-22 16:21:40,613:INFO:Initializing create_model()
2025-08-22 16:21:40,613:INFO:create_model(estimator=XGBRegressor(base_score=0.5, booster='gbtree', callbacks=None,
             colsample_bylevel=1, colsample_bynode=1, colsample_bytree=1,
             early_stopping_rounds=None, enable_categorical=False,
             eval_metric=None, gamma=0, gpu_id=-1, grow_policy='depthwise',
             importance_type=None, interaction_constraints='',
             learning_rate=0.300000012, max_bin=256, max_cat_to_onehot=4,
             max_delta_step=0, max_depth=6, max_leaves=0, min_child_weight=1,
             missing=nan, monotone_constraints='()', n_estimators=100,
             n_jobs=-1, num_parallel_tree=1, objective='reg:squarederror',
             predictor='auto', random_state=123, reg_alpha=0, ...), fold=None, round=4, cross_validation=True, predict=True, fit_kwargs={}, groups=None, refit=True, verbose=False, system=False, metrics=None, experiment_custom_tags=None, add_to_model_list=False, probability_threshold=None, display=None, return_train_score=False, kwargs={})
2025-08-22 16:21:40,613:INFO:Checking exceptions
2025-08-22 16:21:40,613:INFO:Importing libraries
2025-08-22 16:21:40,613:INFO:Copying training dataset
2025-08-22 16:21:40,615:INFO:Defining folds
2025-08-22 16:21:40,615:INFO:Declaring metric variables
2025-08-22 16:21:40,615:INFO:Importing untrained model
2025-08-22 16:21:40,615:INFO:Declaring custom model
2025-08-22 16:21:40,617:INFO:Extreme Gradient Boosting Imported succesfully
2025-08-22 16:21:40,617:INFO:Starting cross validation
2025-08-22 16:21:40,617:INFO:Cross validating with KFold(n_splits=10, random_state=None, shuffle=False), n_jobs=-1
2025-08-22 16:21:44,553:INFO:Calculating mean and std
2025-08-22 16:21:44,553:INFO:Creating metrics dataframe
2025-08-22 16:21:44,557:INFO:Finalizing model
2025-08-22 16:21:44,820:INFO:create_model_container: 0
2025-08-22 16:21:44,820:INFO:master_model_container: 0
2025-08-22 16:21:44,820:INFO:display_container: 3
2025-08-22 16:21:44,822:INFO:XGBRegressor(base_score=0.5, booster='gbtree', callbacks=None,
             colsample_bylevel=1, colsample_bynode=1, colsample_bytree=1,
             early_stopping_rounds=None, enable_categorical=False,
             eval_metric=None, gamma=0, gpu_id=-1, grow_policy='depthwise',
             importance_type=None, interaction_constraints='',
             learning_rate=0.300000012, max_bin=256, max_cat_to_onehot=4,
             max_delta_step=0, max_depth=6, max_leaves=0, min_child_weight=1,
             missing=nan, monotone_constraints='()', n_estimators=100,
             n_jobs=-1, num_parallel_tree=1, objective='reg:squarederror',
             predictor='auto', random_state=123, reg_alpha=0, ...)
2025-08-22 16:21:44,822:INFO:create_model() succesfully completed......................................
2025-08-22 16:21:44,954:INFO:create_model_container: 0
2025-08-22 16:21:44,954:INFO:master_model_container: 0
2025-08-22 16:21:44,954:INFO:display_container: 2
2025-08-22 16:21:44,956:INFO:XGBRegressor(base_score=0.5, booster='gbtree', callbacks=None,
             colsample_bylevel=1, colsample_bynode=1, colsample_bytree=1,
             early_stopping_rounds=None, enable_categorical=False,
             eval_metric=None, gamma=0, gpu_id=-1, grow_policy='depthwise',
             importance_type=None, interaction_constraints='',
             learning_rate=0.300000012, max_bin=256, max_cat_to_onehot=4,
             max_delta_step=0, max_depth=6, max_leaves=0, min_child_weight=1,
             missing=nan, monotone_constraints='()', n_estimators=100,
             n_jobs=-1, num_parallel_tree=1, objective='reg:squarederror',
             predictor='auto', random_state=123, reg_alpha=0, ...)
2025-08-22 16:21:44,956:INFO:finalize_model() succesfully completed......................................
2025-08-22 16:21:45,100:INFO:Initializing predict_model()
2025-08-22 16:21:45,100:INFO:predict_model(estimator=XGBRegressor(base_score=0.5, booster='gbtree', callbacks=None,
             colsample_bylevel=1, colsample_bynode=1, colsample_bytree=1,
             early_stopping_rounds=None, enable_categorical=False,
             eval_metric=None, gamma=0, gpu_id=-1, grow_policy='depthwise',
             importance_type=None, interaction_constraints='',
             learning_rate=0.300000012, max_bin=256, max_cat_to_onehot=4,
             max_delta_step=0, max_depth=6, max_leaves=0, min_child_weight=1,
             missing=nan, monotone_constraints='()', n_estimators=100,
             n_jobs=-1, num_parallel_tree=1, objective='reg:squarederror',
             predictor='auto', random_state=123, reg_alpha=0, ...), probability_threshold=None, encoded_labels=True, drift_report=False, raw_score=False, round=4, verbose=True, ml_usecase=MLUsecase.REGRESSION, display=None, drift_kwargs=None)
2025-08-22 16:21:45,100:INFO:Checking exceptions
2025-08-22 16:21:45,100:INFO:Preloading libraries
2025-08-22 16:21:45,100:INFO:Preparing display monitor
2025-08-22 16:21:45,473:INFO:PyCaret Supervised Module
2025-08-22 16:21:45,473:INFO:ML Usecase: regression
2025-08-22 16:21:45,473:INFO:version 2.3.10
2025-08-22 16:21:45,473:INFO:Initializing setup()
2025-08-22 16:21:45,473:INFO:setup(target=value, ml_usecase=regression, available_plots={'parameter': 'Hyperparameters', 'residuals': 'Residuals', 'error': 'Prediction Error', 'cooks': 'Cooks Distance', 'rfe': 'Feature Selection', 'learning': 'Learning Curve', 'manifold': 'Manifold Learning', 'vc': 'Validation Curve', 'feature': 'Feature Importance', 'feature_all': 'Feature Importance (All)', 'tree': 'Decision Tree', 'residuals_interactive': 'Interactive Residuals'}, train_size=0.8, test_data=None, preprocess=True, imputation_type=simple, iterative_imputation_iters=5, categorical_features=None, categorical_imputation=constant, categorical_iterative_imputer=lightgbm, ordinal_features=None, high_cardinality_features=None, high_cardinality_method=frequency, numeric_features=['index.num', 'year', 'quarter', 'month', 'mday', 'week', 'wday'], numeric_imputation=mean, numeric_iterative_imputer=lightgbm, date_features=None, ignore_features=None, normalize=False, normalize_method=zscore, transformation=False, transformation_method=yeo-johnson, handle_unknown_categorical=True, unknown_categorical_method=least_frequent, pca=False, pca_method=linear, pca_components=None, ignore_low_variance=False, combine_rare_levels=False, rare_level_threshold=0.1, bin_numeric_features=None, remove_outliers=False, outliers_threshold=0.05, remove_multicollinearity=False, multicollinearity_threshold=0.9, remove_perfect_collinearity=True, create_clusters=False, cluster_iter=20, polynomial_features=False, polynomial_degree=2, trigonometry_features=False, polynomial_threshold=0.1, group_features=None, group_names=None, feature_selection=False, feature_selection_threshold=0.8, feature_selection_method=classic, feature_interaction=False, feature_ratio=False, interaction_threshold=0.01, fix_imbalance=False, fix_imbalance_method=None, transform_target=False, transform_target_method=box-cox, data_split_shuffle=True, data_split_stratify=False, fold_strategy=kfold, fold=10, fold_shuffle=False, fold_groups=None, n_jobs=-1, use_gpu=False, custom_pipeline=None, html=True, session_id=123, log_experiment=False, experiment_name=None, experiment_custom_tags=None, log_plots=False, log_profile=False, log_data=False, silent=True, verbose=True, profile=False, profile_kwargs=None, display=None)
2025-08-22 16:21:45,473:INFO:Checking environment
2025-08-22 16:21:45,473:INFO:python_version: 3.8.10
2025-08-22 16:21:45,473:INFO:python_build: ('tags/v3.8.10:3d8993a', 'May  3 2021 11:48:03')
2025-08-22 16:21:45,473:INFO:machine: AMD64
2025-08-22 16:21:45,473:INFO:platform: Windows-10-10.0.26100-SP0
2025-08-22 16:21:45,475:WARNING:cannot find psutil installation. memory not traceable. Install psutil using pip to enable memory logging.
2025-08-22 16:21:45,475:INFO:Checking libraries
2025-08-22 16:21:45,475:INFO:pd==1.1.5
2025-08-22 16:21:45,475:INFO:numpy==1.19.5
2025-08-22 16:21:45,475:INFO:sklearn==0.23.2
2025-08-22 16:21:45,475:INFO:lightgbm==3.3.5
2025-08-22 16:21:45,475:INFO:catboost==1.1.1
2025-08-22 16:21:45,475:INFO:xgboost==1.6.2
2025-08-22 16:21:45,475:INFO:mlflow==2.17.2
2025-08-22 16:21:45,475:INFO:Checking Exceptions
2025-08-22 16:21:45,475:INFO:Declaring global variables
2025-08-22 16:21:45,475:INFO:USI: 499c
2025-08-22 16:21:45,475:INFO:pycaret_globals: {'pycaret_globals', 'dashboard_logger', 'y_train', 'y', 'imputation_classifier', 'fix_imbalance_param', 'iterative_imputation_iters_param', 'fold_groups_param_full', 'transform_target_method_param', 'log_plots_param', 'experiment__', 'prep_pipe', '_gpu_n_jobs_param', 'html_param', 'X_test', '_all_models_internal', 'target_param', '_internal_pipeline', 'transform_target_param', 'n_jobs_param', 'create_model_container', '_all_models', 'fold_generator', 'data_before_preprocess', 'display_container', '_all_metrics', 'X_train', '_ml_usecase', 'logging_param', 'fix_imbalance_method_param', 'seed', 'imputation_regressor', '_available_plots', 'fold_shuffle_param', 'exp_name_log', 'y_test', 'fold_param', 'gpu_param', 'USI', 'stratify_param', 'master_model_container', 'X', 'fold_groups_param'}
2025-08-22 16:21:45,475:INFO:Preparing display monitor
2025-08-22 16:21:45,475:INFO:Preparing display monitor
2025-08-22 16:21:45,481:INFO:Importing libraries
2025-08-22 16:21:45,481:INFO:Copying data for preprocessing
2025-08-22 16:21:45,483:INFO:Declaring preprocessing parameters
2025-08-22 16:21:45,483:INFO:Creating preprocessing pipeline
2025-08-22 16:21:45,489:INFO:Preprocessing pipeline created successfully
2025-08-22 16:21:45,489:ERROR:(Process Exit): setup has been interupted with user command 'quit'. setup must rerun.
2025-08-22 16:21:45,489:INFO:Creating global containers
2025-08-22 16:21:45,489:INFO:Internal pipeline: Pipeline(memory=None, steps=[('empty_step', 'passthrough')], verbose=False)
2025-08-22 16:21:45,896:INFO:Creating grid variables
2025-08-22 16:21:45,899:INFO:create_model_container: 0
2025-08-22 16:21:45,899:INFO:master_model_container: 0
2025-08-22 16:21:45,899:INFO:display_container: 1
2025-08-22 16:21:45,899:INFO:Pipeline(memory=None,
         steps=[('dtypes',
                 DataTypes_Auto_infer(categorical_features=[],
                                      display_types=False, features_todrop=[],
                                      id_columns=[], ml_usecase='regression',
                                      numerical_features=['index.num', 'year',
                                                          'quarter', 'month',
                                                          'mday', 'week',
                                                          'wday'],
                                      target='value', time_features=[])),
                ('imputer',
                 Simple_Imputer(categorical_strategy='not_available',
                                fill_value_cat...
                ('scaling', 'passthrough'), ('P_transform', 'passthrough'),
                ('binn', 'passthrough'), ('rem_outliers', 'passthrough'),
                ('cluster_all', 'passthrough'),
                ('dummy', Dummify(target='value')),
                ('fix_perfect', Remove_100(target='value')),
                ('clean_names', Clean_Colum_Names()),
                ('feature_select', 'passthrough'), ('fix_multi', 'passthrough'),
                ('dfs', 'passthrough'), ('pca', 'passthrough')],
         verbose=False)
2025-08-22 16:21:45,899:INFO:setup() succesfully completed......................................
2025-08-22 16:21:46,040:INFO:Initializing create_model()
2025-08-22 16:21:46,042:INFO:create_model(estimator=lasso, fold=None, round=4, cross_validation=False, predict=True, fit_kwargs=None, groups=None, refit=True, verbose=True, system=True, metrics=None, experiment_custom_tags=None, add_to_model_list=True, probability_threshold=None, display=None, return_train_score=False, kwargs={})
2025-08-22 16:21:46,042:INFO:Checking exceptions
2025-08-22 16:21:46,042:INFO:Preparing display monitor
2025-08-22 16:21:46,054:INFO:Importing libraries
2025-08-22 16:21:46,054:INFO:Copying training dataset
2025-08-22 16:21:46,054:INFO:Defining folds
2025-08-22 16:21:46,054:INFO:Declaring metric variables
2025-08-22 16:21:46,070:INFO:Importing untrained model
2025-08-22 16:21:46,091:INFO:Lasso Regression Imported succesfully
2025-08-22 16:21:46,109:INFO:Cross validation set to False
2025-08-22 16:21:46,109:INFO:Fitting Model
2025-08-22 16:21:46,153:INFO:Initializing predict_model()
2025-08-22 16:21:46,153:INFO:predict_model(estimator=Pipeline(memory=None,
         steps=[('empty_step', 'passthrough'),
                ('actual_estimator',
                 Lasso(alpha=1.0, copy_X=True, fit_intercept=True,
                       max_iter=1000, normalize=False, positive=False,
                       precompute=False, random_state=123, selection='cyclic',
                       tol=0.0001, warm_start=False))],
         verbose=False), probability_threshold=None, encoded_labels=False, drift_report=False, raw_score=False, round=4, verbose=False, ml_usecase=None, display=None, drift_kwargs=None)
2025-08-22 16:21:46,153:INFO:Checking exceptions
2025-08-22 16:21:46,153:INFO:Preloading libraries
2025-08-22 16:21:46,336:INFO:display_container: 2
2025-08-22 16:21:46,338:INFO:Lasso(alpha=1.0, copy_X=True, fit_intercept=True, max_iter=1000,
      normalize=False, positive=False, precompute=False, random_state=123,
      selection='cyclic', tol=0.0001, warm_start=False)
2025-08-22 16:21:46,338:INFO:create_models() succesfully completed......................................
2025-08-22 16:21:46,479:INFO:Initializing finalize_model()
2025-08-22 16:21:46,479:INFO:finalize_model(estimator=Lasso(alpha=1.0, copy_X=True, fit_intercept=True, max_iter=1000,
      normalize=False, positive=False, precompute=False, random_state=123,
      selection='cyclic', tol=0.0001, warm_start=False), fit_kwargs=None, groups=None, model_only=True, display=None, experiment_custom_tags=None, return_train_score=False)
2025-08-22 16:21:46,479:INFO:Finalizing Lasso(alpha=1.0, copy_X=True, fit_intercept=True, max_iter=1000,
      normalize=False, positive=False, precompute=False, random_state=123,
      selection='cyclic', tol=0.0001, warm_start=False)
2025-08-22 16:21:46,479:INFO:Initializing create_model()
2025-08-22 16:21:46,479:INFO:create_model(estimator=Lasso(alpha=1.0, copy_X=True, fit_intercept=True, max_iter=1000,
      normalize=False, positive=False, precompute=False, random_state=123,
      selection='cyclic', tol=0.0001, warm_start=False), fold=None, round=4, cross_validation=True, predict=True, fit_kwargs={}, groups=None, refit=True, verbose=False, system=False, metrics=None, experiment_custom_tags=None, add_to_model_list=False, probability_threshold=None, display=None, return_train_score=False, kwargs={})
2025-08-22 16:21:46,479:INFO:Checking exceptions
2025-08-22 16:21:46,479:INFO:Importing libraries
2025-08-22 16:21:46,479:INFO:Copying training dataset
2025-08-22 16:21:46,479:INFO:Defining folds
2025-08-22 16:21:46,479:INFO:Declaring metric variables
2025-08-22 16:21:46,479:INFO:Importing untrained model
2025-08-22 16:21:46,479:INFO:Declaring custom model
2025-08-22 16:21:46,479:INFO:Lasso Regression Imported succesfully
2025-08-22 16:21:46,479:INFO:Starting cross validation
2025-08-22 16:21:46,479:INFO:Cross validating with KFold(n_splits=10, random_state=None, shuffle=False), n_jobs=-1
2025-08-22 16:21:46,592:INFO:Calculating mean and std
2025-08-22 16:21:46,594:INFO:Creating metrics dataframe
2025-08-22 16:21:46,600:INFO:Finalizing model
2025-08-22 16:21:46,668:INFO:create_model_container: 0
2025-08-22 16:21:46,668:INFO:master_model_container: 0
2025-08-22 16:21:46,668:INFO:display_container: 3
2025-08-22 16:21:46,668:INFO:Lasso(alpha=1.0, copy_X=True, fit_intercept=True, max_iter=1000,
      normalize=False, positive=False, precompute=False, random_state=123,
      selection='cyclic', tol=0.0001, warm_start=False)
2025-08-22 16:21:46,668:INFO:create_model() succesfully completed......................................
2025-08-22 16:21:46,807:INFO:create_model_container: 0
2025-08-22 16:21:46,807:INFO:master_model_container: 0
2025-08-22 16:21:46,807:INFO:display_container: 2
2025-08-22 16:21:46,807:INFO:Lasso(alpha=1.0, copy_X=True, fit_intercept=True, max_iter=1000,
      normalize=False, positive=False, precompute=False, random_state=123,
      selection='cyclic', tol=0.0001, warm_start=False)
2025-08-22 16:21:46,807:INFO:finalize_model() succesfully completed......................................
2025-08-22 16:21:46,931:INFO:Initializing predict_model()
2025-08-22 16:21:46,931:INFO:predict_model(estimator=Lasso(alpha=1.0, copy_X=True, fit_intercept=True, max_iter=1000,
      normalize=False, positive=False, precompute=False, random_state=123,
      selection='cyclic', tol=0.0001, warm_start=False), probability_threshold=None, encoded_labels=True, drift_report=False, raw_score=False, round=4, verbose=True, ml_usecase=MLUsecase.REGRESSION, display=None, drift_kwargs=None)
2025-08-22 16:21:46,931:INFO:Checking exceptions
2025-08-22 16:21:46,931:INFO:Preloading libraries
2025-08-22 16:21:46,931:INFO:Preparing display monitor
2025-08-22 16:21:47,318:INFO:PyCaret Supervised Module
2025-08-22 16:21:47,318:INFO:ML Usecase: regression
2025-08-22 16:21:47,318:INFO:version 2.3.10
2025-08-22 16:21:47,318:INFO:Initializing setup()
2025-08-22 16:21:47,318:INFO:setup(target=value, ml_usecase=regression, available_plots={'parameter': 'Hyperparameters', 'residuals': 'Residuals', 'error': 'Prediction Error', 'cooks': 'Cooks Distance', 'rfe': 'Feature Selection', 'learning': 'Learning Curve', 'manifold': 'Manifold Learning', 'vc': 'Validation Curve', 'feature': 'Feature Importance', 'feature_all': 'Feature Importance (All)', 'tree': 'Decision Tree', 'residuals_interactive': 'Interactive Residuals'}, train_size=0.8, test_data=None, preprocess=True, imputation_type=simple, iterative_imputation_iters=5, categorical_features=None, categorical_imputation=constant, categorical_iterative_imputer=lightgbm, ordinal_features=None, high_cardinality_features=None, high_cardinality_method=frequency, numeric_features=['index.num', 'year', 'quarter', 'month', 'mday', 'week', 'wday'], numeric_imputation=mean, numeric_iterative_imputer=lightgbm, date_features=None, ignore_features=None, normalize=False, normalize_method=zscore, transformation=False, transformation_method=yeo-johnson, handle_unknown_categorical=True, unknown_categorical_method=least_frequent, pca=False, pca_method=linear, pca_components=None, ignore_low_variance=False, combine_rare_levels=False, rare_level_threshold=0.1, bin_numeric_features=None, remove_outliers=False, outliers_threshold=0.05, remove_multicollinearity=False, multicollinearity_threshold=0.9, remove_perfect_collinearity=True, create_clusters=False, cluster_iter=20, polynomial_features=False, polynomial_degree=2, trigonometry_features=False, polynomial_threshold=0.1, group_features=None, group_names=None, feature_selection=False, feature_selection_threshold=0.8, feature_selection_method=classic, feature_interaction=False, feature_ratio=False, interaction_threshold=0.01, fix_imbalance=False, fix_imbalance_method=None, transform_target=False, transform_target_method=box-cox, data_split_shuffle=True, data_split_stratify=False, fold_strategy=kfold, fold=10, fold_shuffle=False, fold_groups=None, n_jobs=-1, use_gpu=False, custom_pipeline=None, html=True, session_id=123, log_experiment=False, experiment_name=None, experiment_custom_tags=None, log_plots=False, log_profile=False, log_data=False, silent=True, verbose=True, profile=False, profile_kwargs=None, display=None)
2025-08-22 16:21:47,318:INFO:Checking environment
2025-08-22 16:21:47,318:INFO:python_version: 3.8.10
2025-08-22 16:21:47,318:INFO:python_build: ('tags/v3.8.10:3d8993a', 'May  3 2021 11:48:03')
2025-08-22 16:21:47,318:INFO:machine: AMD64
2025-08-22 16:21:47,318:INFO:platform: Windows-10-10.0.26100-SP0
2025-08-22 16:21:47,320:WARNING:cannot find psutil installation. memory not traceable. Install psutil using pip to enable memory logging.
2025-08-22 16:21:47,320:INFO:Checking libraries
2025-08-22 16:21:47,320:INFO:pd==1.1.5
2025-08-22 16:21:47,320:INFO:numpy==1.19.5
2025-08-22 16:21:47,320:INFO:sklearn==0.23.2
2025-08-22 16:21:47,320:INFO:lightgbm==3.3.5
2025-08-22 16:21:47,320:INFO:catboost==1.1.1
2025-08-22 16:21:47,320:INFO:xgboost==1.6.2
2025-08-22 16:21:47,320:INFO:mlflow==2.17.2
2025-08-22 16:21:47,320:INFO:Checking Exceptions
2025-08-22 16:21:47,320:INFO:Declaring global variables
2025-08-22 16:21:47,320:INFO:USI: 9704
2025-08-22 16:21:47,320:INFO:pycaret_globals: {'pycaret_globals', 'dashboard_logger', 'y_train', 'y', 'imputation_classifier', 'fix_imbalance_param', 'iterative_imputation_iters_param', 'fold_groups_param_full', 'transform_target_method_param', 'log_plots_param', 'experiment__', 'prep_pipe', '_gpu_n_jobs_param', 'html_param', 'X_test', '_all_models_internal', 'target_param', '_internal_pipeline', 'transform_target_param', 'n_jobs_param', 'create_model_container', '_all_models', 'fold_generator', 'data_before_preprocess', 'display_container', '_all_metrics', 'X_train', '_ml_usecase', 'logging_param', 'fix_imbalance_method_param', 'seed', 'imputation_regressor', '_available_plots', 'fold_shuffle_param', 'exp_name_log', 'y_test', 'fold_param', 'gpu_param', 'USI', 'stratify_param', 'master_model_container', 'X', 'fold_groups_param'}
2025-08-22 16:21:47,320:INFO:Preparing display monitor
2025-08-22 16:21:47,320:INFO:Preparing display monitor
2025-08-22 16:21:47,325:INFO:Importing libraries
2025-08-22 16:21:47,326:INFO:Copying data for preprocessing
2025-08-22 16:21:47,328:INFO:Declaring preprocessing parameters
2025-08-22 16:21:47,328:INFO:Creating preprocessing pipeline
2025-08-22 16:21:47,335:INFO:Preprocessing pipeline created successfully
2025-08-22 16:21:47,335:ERROR:(Process Exit): setup has been interupted with user command 'quit'. setup must rerun.
2025-08-22 16:21:47,335:INFO:Creating global containers
2025-08-22 16:21:47,337:INFO:Internal pipeline: Pipeline(memory=None, steps=[('empty_step', 'passthrough')], verbose=False)
2025-08-22 16:21:47,772:INFO:Creating grid variables
2025-08-22 16:21:47,772:INFO:create_model_container: 0
2025-08-22 16:21:47,772:INFO:master_model_container: 0
2025-08-22 16:21:47,772:INFO:display_container: 1
2025-08-22 16:21:47,772:INFO:Pipeline(memory=None,
         steps=[('dtypes',
                 DataTypes_Auto_infer(categorical_features=[],
                                      display_types=False, features_todrop=[],
                                      id_columns=[], ml_usecase='regression',
                                      numerical_features=['index.num', 'year',
                                                          'quarter', 'month',
                                                          'mday', 'week',
                                                          'wday'],
                                      target='value', time_features=[])),
                ('imputer',
                 Simple_Imputer(categorical_strategy='not_available',
                                fill_value_cat...
                ('scaling', 'passthrough'), ('P_transform', 'passthrough'),
                ('binn', 'passthrough'), ('rem_outliers', 'passthrough'),
                ('cluster_all', 'passthrough'),
                ('dummy', Dummify(target='value')),
                ('fix_perfect', Remove_100(target='value')),
                ('clean_names', Clean_Colum_Names()),
                ('feature_select', 'passthrough'), ('fix_multi', 'passthrough'),
                ('dfs', 'passthrough'), ('pca', 'passthrough')],
         verbose=False)
2025-08-22 16:21:47,772:INFO:setup() succesfully completed......................................
2025-08-22 16:21:47,930:INFO:Initializing create_model()
2025-08-22 16:21:47,930:INFO:create_model(estimator=lasso, fold=None, round=4, cross_validation=False, predict=True, fit_kwargs=None, groups=None, refit=True, verbose=True, system=True, metrics=None, experiment_custom_tags=None, add_to_model_list=True, probability_threshold=None, display=None, return_train_score=False, kwargs={})
2025-08-22 16:21:47,930:INFO:Checking exceptions
2025-08-22 16:21:47,930:INFO:Preparing display monitor
2025-08-22 16:21:47,950:INFO:Importing libraries
2025-08-22 16:21:47,950:INFO:Copying training dataset
2025-08-22 16:21:47,950:INFO:Defining folds
2025-08-22 16:21:47,952:INFO:Declaring metric variables
2025-08-22 16:21:47,960:INFO:Importing untrained model
2025-08-22 16:21:47,983:INFO:Lasso Regression Imported succesfully
2025-08-22 16:21:48,001:INFO:Cross validation set to False
2025-08-22 16:21:48,001:INFO:Fitting Model
2025-08-22 16:21:48,044:INFO:Initializing predict_model()
2025-08-22 16:21:48,044:INFO:predict_model(estimator=Pipeline(memory=None,
         steps=[('empty_step', 'passthrough'),
                ('actual_estimator',
                 Lasso(alpha=1.0, copy_X=True, fit_intercept=True,
                       max_iter=1000, normalize=False, positive=False,
                       precompute=False, random_state=123, selection='cyclic',
                       tol=0.0001, warm_start=False))],
         verbose=False), probability_threshold=None, encoded_labels=False, drift_report=False, raw_score=False, round=4, verbose=False, ml_usecase=None, display=None, drift_kwargs=None)
2025-08-22 16:21:48,044:INFO:Checking exceptions
2025-08-22 16:21:48,044:INFO:Preloading libraries
2025-08-22 16:21:48,198:INFO:display_container: 2
2025-08-22 16:21:48,198:INFO:Lasso(alpha=1.0, copy_X=True, fit_intercept=True, max_iter=1000,
      normalize=False, positive=False, precompute=False, random_state=123,
      selection='cyclic', tol=0.0001, warm_start=False)
2025-08-22 16:21:48,198:INFO:create_models() succesfully completed......................................
2025-08-22 16:21:48,326:INFO:Initializing finalize_model()
2025-08-22 16:21:48,326:INFO:finalize_model(estimator=Lasso(alpha=1.0, copy_X=True, fit_intercept=True, max_iter=1000,
      normalize=False, positive=False, precompute=False, random_state=123,
      selection='cyclic', tol=0.0001, warm_start=False), fit_kwargs=None, groups=None, model_only=True, display=None, experiment_custom_tags=None, return_train_score=False)
2025-08-22 16:21:48,326:INFO:Finalizing Lasso(alpha=1.0, copy_X=True, fit_intercept=True, max_iter=1000,
      normalize=False, positive=False, precompute=False, random_state=123,
      selection='cyclic', tol=0.0001, warm_start=False)
2025-08-22 16:21:48,328:INFO:Initializing create_model()
2025-08-22 16:21:48,328:INFO:create_model(estimator=Lasso(alpha=1.0, copy_X=True, fit_intercept=True, max_iter=1000,
      normalize=False, positive=False, precompute=False, random_state=123,
      selection='cyclic', tol=0.0001, warm_start=False), fold=None, round=4, cross_validation=True, predict=True, fit_kwargs={}, groups=None, refit=True, verbose=False, system=False, metrics=None, experiment_custom_tags=None, add_to_model_list=False, probability_threshold=None, display=None, return_train_score=False, kwargs={})
2025-08-22 16:21:48,328:INFO:Checking exceptions
2025-08-22 16:21:48,328:INFO:Importing libraries
2025-08-22 16:21:48,328:INFO:Copying training dataset
2025-08-22 16:21:48,328:INFO:Defining folds
2025-08-22 16:21:48,328:INFO:Declaring metric variables
2025-08-22 16:21:48,328:INFO:Importing untrained model
2025-08-22 16:21:48,328:INFO:Declaring custom model
2025-08-22 16:21:48,328:INFO:Lasso Regression Imported succesfully
2025-08-22 16:21:48,328:INFO:Starting cross validation
2025-08-22 16:21:48,330:INFO:Cross validating with KFold(n_splits=10, random_state=None, shuffle=False), n_jobs=-1
2025-08-22 16:21:48,425:INFO:Calculating mean and std
2025-08-22 16:21:48,425:INFO:Creating metrics dataframe
2025-08-22 16:21:48,431:INFO:Finalizing model
2025-08-22 16:21:48,493:INFO:create_model_container: 0
2025-08-22 16:21:48,493:INFO:master_model_container: 0
2025-08-22 16:21:48,493:INFO:display_container: 3
2025-08-22 16:21:48,493:INFO:Lasso(alpha=1.0, copy_X=True, fit_intercept=True, max_iter=1000,
      normalize=False, positive=False, precompute=False, random_state=123,
      selection='cyclic', tol=0.0001, warm_start=False)
2025-08-22 16:21:48,493:INFO:create_model() succesfully completed......................................
2025-08-22 16:21:48,610:INFO:create_model_container: 0
2025-08-22 16:21:48,610:INFO:master_model_container: 0
2025-08-22 16:21:48,610:INFO:display_container: 2
2025-08-22 16:21:48,610:INFO:Lasso(alpha=1.0, copy_X=True, fit_intercept=True, max_iter=1000,
      normalize=False, positive=False, precompute=False, random_state=123,
      selection='cyclic', tol=0.0001, warm_start=False)
2025-08-22 16:21:48,610:INFO:finalize_model() succesfully completed......................................
2025-08-22 16:21:48,741:INFO:Initializing predict_model()
2025-08-22 16:21:48,741:INFO:predict_model(estimator=Lasso(alpha=1.0, copy_X=True, fit_intercept=True, max_iter=1000,
      normalize=False, positive=False, precompute=False, random_state=123,
      selection='cyclic', tol=0.0001, warm_start=False), probability_threshold=None, encoded_labels=True, drift_report=False, raw_score=False, round=4, verbose=True, ml_usecase=MLUsecase.REGRESSION, display=None, drift_kwargs=None)
2025-08-22 16:21:48,741:INFO:Checking exceptions
2025-08-22 16:21:48,741:INFO:Preloading libraries
2025-08-22 16:21:48,741:INFO:Preparing display monitor
